#
# There is insufficient memory for the Java Runtime Environment to continue.
# Native memory allocation (mmap) failed to map 60817408 bytes for committing reserved memory.
# Possible reasons:
#   The system is out of physical RAM or swap space
#   The process is running with CompressedOops enabled, and the Java Heap may be blocking the growth of the native heap
# Possible solutions:
#   Reduce memory load on the system
#   Increase physical memory or swap space
#   Check if swap backing store is full
#   Decrease Java heap size (-Xmx/-Xms)
#   Decrease number of Java threads
#   Decrease Java thread stack sizes (-Xss)
#   Set larger code cache with -XX:ReservedCodeCacheSize=
#   JVM is running with Unscaled Compressed Oops mode in which the Java heap is
#     placed in the first 4GB address space. The Java Heap base address is the
#     maximum limit for the native heap growth. Please use -XX:HeapBaseMinAddress
#     to set the Java Heap base and to place the Java Heap above 4GB virtual address.
# This output file may be truncated or incomplete.
#
#  Out of Memory Error (os_linux.cpp:2706), pid=19658, tid=19674
#
# JRE version: OpenJDK Runtime Environment (10.0.2+13) (build 10.0.2+13-Ubuntu-1ubuntu0.18.04.2)
# Java VM: OpenJDK 64-Bit Server VM (10.0.2+13-Ubuntu-1ubuntu0.18.04.2, mixed mode, tiered, compressed oops, g1 gc, linux-amd64)
# Core dump will be written. Default location: Core dumps may be processed with "/usr/share/apport/apport %p %s %c %d %P" (or dumping to /home/hazel/robot/ftc_app2018-4042/core.19658)
#

---------------  S U M M A R Y ------------

Command Line: -Xmx2048M -Dfile.encoding=UTF-8 -Duser.country=US -Duser.language=en -Duser.variant org.gradle.launcher.daemon.bootstrap.GradleDaemon 4.6

Host: Intel(R) Core(TM) i7-4600U CPU @ 2.10GHz, 4 cores, 11G, Ubuntu 18.04.1 LTS
Time: Sun Oct 21 15:19:45 2018 PDT elapsed time: 242 seconds (0d 0h 4m 2s)

---------------  T H R E A D  ---------------

Current thread (0x00007f2bc415b800):  VMThread "VM Thread" [stack: 0x00007f2ba8920000,0x00007f2ba8a20000] [id=19674]

Stack: [0x00007f2ba8920000,0x00007f2ba8a20000],  sp=0x00007f2ba8a1e0a0,  free space=1016k
Native frames: (J=compiled Java code, A=aot compiled Java code, j=interpreted, Vv=VM code, C=native code)
V  [libjvm.so+0xd27e04]
V  [libjvm.so+0xd289ab]
V  [libjvm.so+0x64d415]
V  [libjvm.so+0xb2d728]
V  [libjvm.so+0xb25f7d]
V  [libjvm.so+0x7662ff]
V  [libjvm.so+0x76653e]
V  [libjvm.so+0x769500]
V  [libjvm.so+0x7efa1c]
V  [libjvm.so+0x7f06df]
V  [libjvm.so+0x7f0b59]
V  [libjvm.so+0x7162cf]
V  [libjvm.so+0x71a3ba]
V  [libjvm.so+0xd39f68]
V  [libjvm.so+0xd387d1]
V  [libjvm.so+0xd35a9b]
V  [libjvm.so+0xd370be]
V  [libjvm.so+0xd374e8]
V  [libjvm.so+0xb33ca0]

VM_Operation (0x00007f2b6dbb42a0): G1IncCollectionPause, mode: safepoint, requested by thread 0x00007f2b4000c000


---------------  P R O C E S S  ---------------

Threads class SMR info:
_java_thread_list=0x00007f2b2c14ee30, length=21, elements={
0x00007f2bc4012000, 0x00007f2bc4165000, 0x00007f2bc4167000, 0x00007f2bc4170800,
0x00007f2bc417b000, 0x00007f2bc417d000, 0x00007f2bc417f000, 0x00007f2bc4181000,
0x00007f2bc4225800, 0x00007f2bc423e800, 0x00007f2bc4fbb000, 0x00007f2bc4fda000,
0x00007f2b4803e800, 0x00007f2b40004800, 0x00007f2b4000e800, 0x00007f2b4000c000,
0x00007f2b2c007000, 0x00007f2b2c00b800, 0x00007f2b2c112800, 0x00007f2b2c11a800,
0x00007f2b2c14e000
}

Java Threads: ( => current thread )
  0x00007f2bc4012000 JavaThread "main" [_thread_blocked, id=19660, stack(0x00007f2bcd4fe000,0x00007f2bcd5ff000)]
  0x00007f2bc4165000 JavaThread "Reference Handler" daemon [_thread_blocked, id=19675, stack(0x00007f2ba881d000,0x00007f2ba891e000)]
  0x00007f2bc4167000 JavaThread "Finalizer" daemon [_thread_blocked, id=19676, stack(0x00007f2ba871c000,0x00007f2ba881d000)]
  0x00007f2bc4170800 JavaThread "Signal Dispatcher" daemon [_thread_blocked, id=19677, stack(0x00007f2ba861b000,0x00007f2ba871c000)]
  0x00007f2bc417b000 JavaThread "C2 CompilerThread0" daemon [_thread_blocked, id=19678, stack(0x00007f2ba851a000,0x00007f2ba861b000)]
  0x00007f2bc417d000 JavaThread "C2 CompilerThread1" daemon [_thread_blocked, id=19679, stack(0x00007f2ba8419000,0x00007f2ba851a000)]
  0x00007f2bc417f000 JavaThread "C1 CompilerThread2" daemon [_thread_blocked, id=19680, stack(0x00007f2ba8318000,0x00007f2ba8419000)]
  0x00007f2bc4181000 JavaThread "Sweeper thread" daemon [_thread_blocked, id=19681, stack(0x00007f2ba8217000,0x00007f2ba8318000)]
  0x00007f2bc4225800 JavaThread "Service Thread" daemon [_thread_blocked, id=19682, stack(0x00007f2ba8116000,0x00007f2ba8217000)]
  0x00007f2bc423e800 JavaThread "Common-Cleaner" daemon [_thread_blocked, id=19684, stack(0x00007f2b6f530000,0x00007f2b6f631000)]
  0x00007f2bc4fbb000 JavaThread "Incoming local TCP Connector on port 45125" [_thread_in_native, id=19685, stack(0x00007f2b6e1c2000,0x00007f2b6e2c3000)]
  0x00007f2bc4fda000 JavaThread "Daemon periodic checks" [_thread_blocked, id=19686, stack(0x00007f2b6e0c1000,0x00007f2b6e1c2000)]
  0x00007f2b4803e800 JavaThread "Daemon" [_thread_blocked, id=19687, stack(0x00007f2b6dfc0000,0x00007f2b6e0c1000)]
  0x00007f2b40004800 JavaThread "Handler for socket connection from /0:0:0:0:0:0:0:1:45125 to /0:0:0:0:0:0:0:1:46246" [_thread_in_native, id=19688, stack(0x00007f2b6debf000,0x00007f2b6dfc0000)]
  0x00007f2b4000e800 JavaThread "Cancel handler" [_thread_blocked, id=19690, stack(0x00007f2b6dbbe000,0x00007f2b6dcbf000)]
  0x00007f2b4000c000 JavaThread "Daemon worker" [_thread_blocked, id=19691, stack(0x00007f2b6dabd000,0x00007f2b6dbbe000)]
  0x00007f2b2c007000 JavaThread "Asynchronous log dispatcher for DefaultDaemonConnection: socket connection from /0:0:0:0:0:0:0:1:45125 to /0:0:0:0:0:0:0:1:46246" [_thread_blocked, id=19694, stack(0x00007f2b6d9bc000,0x00007f2b6dabd000)]
  0x00007f2b2c00b800 JavaThread "Stdin handler" [_thread_blocked, id=19695, stack(0x00007f2b6d8bb000,0x00007f2b6d9bc000)]
  0x00007f2b2c112800 JavaThread "Cache worker for file hash cache (/home/hazel/.gradle/caches/4.6/fileHashes)" [_thread_blocked, id=19696, stack(0x00007f2b6d5ba000,0x00007f2b6d6bb000)]
  0x00007f2b2c11a800 JavaThread "File lock request listener" [_thread_in_native, id=19697, stack(0x00007f2b6d4b9000,0x00007f2b6d5ba000)]
  0x00007f2b2c14e000 JavaThread "Cache worker for file hash cache (/home/hazel/robot/ftc_app2018-4042/.gradle/4.6/fileHashes)" [_thread_blocked, id=19699, stack(0x00007f2b6d3b8000,0x00007f2b6d4b9000)]

Other Threads:
=>0x00007f2bc415b800 VMThread "VM Thread" [stack: 0x00007f2ba8920000,0x00007f2ba8a20000] [id=19674]
  0x00007f2bc4227800 WatcherThread [stack: 0x00007f2ba8016000,0x00007f2ba8116000] [id=19683]
  0x00007f2bc4028800 GCTaskThread "GC Thread#0" [stack: 0x00007f2bc9628000,0x00007f2bc9728000] [id=19663]
  0x00007f2bc402a000 GCTaskThread "GC Thread#1" [stack: 0x00007f2bc9526000,0x00007f2bc9626000] [id=19664]
  0x00007f2bc402b800 GCTaskThread "GC Thread#2" [stack: 0x00007f2bc9424000,0x00007f2bc9524000] [id=19665]
  0x00007f2bc402d000 GCTaskThread "GC Thread#3" [stack: 0x00007f2bc9322000,0x00007f2bc9422000] [id=19666]
  0x00007f2bc4057800 ConcurrentGCThread "G1 Main Marker" [stack: 0x00007f2bc821c000,0x00007f2bc831c000] [id=19667]
  0x00007f2bc4059800 ConcurrentGCThread "G1 Conc#0" [stack: 0x00007f2bc811a000,0x00007f2bc821a000] [id=19668]
  0x00007f2bc40f3800 ConcurrentGCThread "G1 Refine#0" [stack: 0x00007f2ba9723000,0x00007f2ba9823000] [id=19669]
  0x00007f2bc40f5000 ConcurrentGCThread "G1 Refine#1" [stack: 0x00007f2ba9621000,0x00007f2ba9721000] [id=19670]
  0x00007f2bc40f7000 ConcurrentGCThread "G1 Refine#2" [stack: 0x00007f2ba951f000,0x00007f2ba961f000] [id=19671]
  0x00007f2bc40f8800 ConcurrentGCThread "G1 Refine#3" [stack: 0x00007f2ba941d000,0x00007f2ba951d000] [id=19672]
  0x00007f2bc40fa800 ConcurrentGCThread "G1 Young RemSet Sampling" [stack: 0x00007f2ba931b000,0x00007f2ba941b000] [id=19673]

Threads with active compile tasks:

VM state:at safepoint (normal execution)

VM Mutex/Monitor currently owned by a thread:  ([mutex/lock_event])
[0x00007f2bc400e300] Threads_lock - owner thread: 0x00007f2bc415b800
[0x00007f2bc400e8a0] Heap_lock - owner thread: 0x00007f2b4000c000

Heap address: 0x0000000080000000, size: 2048 MB, Compressed Oops mode: 32-bit
Narrow klass base: 0x0000000000000000, Narrow klass shift: 3
Compressed class space size: 1073741824 Address: 0x0000000100000000

Heap:
 garbage-first heap   total 247808K, used 18072K [0x0000000080000000, 0x0000000100000000)
  region size 1024K, 6 young (6144K), 6 survivors (6144K)
 Metaspace       used 30187K, capacity 30617K, committed 30976K, reserved 1077248K
  class space    used 3623K, capacity 3832K, committed 3840K, reserved 1048576K
Heap Regions: E=young(eden), S=young(survivor), O=old, HS=humongous(starts), HC=humongous(continues), CS=collection set, F=free, A=archive, TS=gc time stamp, AC=allocation context, TAMS=top-at-mark-start (previous, next)
|   0|0x0000000080000000, 0x0000000080100000, 0x0000000080100000|100%|HS|  |TS  0|AC  0|TAMS 0x0000000080100000, 0x0000000080100000|
|   1|0x0000000080100000, 0x0000000080200000, 0x0000000080200000|100%|HC|  |TS  0|AC  0|TAMS 0x0000000080200000, 0x0000000080200000|
|   2|0x0000000080200000, 0x0000000080300000, 0x0000000080300000|100%| O|  |TS  0|AC  0|TAMS 0x0000000080300000, 0x0000000080300000|
|   3|0x0000000080300000, 0x0000000080400000, 0x0000000080400000|100%| O|  |TS  0|AC  0|TAMS 0x0000000080400000, 0x0000000080400000|
|   4|0x0000000080400000, 0x0000000080500000, 0x0000000080500000|100%| O|  |TS  0|AC  0|TAMS 0x0000000080500000, 0x0000000080500000|
|   5|0x0000000080500000, 0x0000000080600000, 0x0000000080600000|100%| O|  |TS  0|AC  0|TAMS 0x0000000080600000, 0x0000000080600000|
|   6|0x0000000080600000, 0x0000000080600000, 0x0000000080700000|  0%| F|  |TS  1|AC  0|TAMS 0x0000000080600000, 0x0000000080600000|
|   7|0x0000000080700000, 0x0000000080800000, 0x0000000080800000|100%| O|  |TS  0|AC  0|TAMS 0x0000000080800000, 0x0000000080800000|
|   8|0x0000000080800000, 0x0000000080900000, 0x0000000080900000|100%| O|  |TS  1|AC  0|TAMS 0x00000000808e7600, 0x00000000808e7600|
|   9|0x0000000080900000, 0x0000000080900000, 0x0000000080a00000|  0%| F|  |TS  1|AC  0|TAMS 0x0000000080900000, 0x0000000080900000|
|  10|0x0000000080a00000, 0x0000000080a00000, 0x0000000080b00000|  0%| F|  |TS  1|AC  0|TAMS 0x0000000080a00000, 0x0000000080a00000|
|  11|0x0000000080b00000, 0x0000000080c00000, 0x0000000080c00000|100%| O|  |TS  1|AC  0|TAMS 0x0000000080b00000, 0x0000000080b00000|
|  12|0x0000000080c00000, 0x0000000080d00000, 0x0000000080d00000|100%| O|  |TS  1|AC  0|TAMS 0x0000000080c00000, 0x0000000080c00000|
|  13|0x0000000080d00000, 0x0000000080e00000, 0x0000000080e00000|100%| O|  |TS  1|AC  0|TAMS 0x0000000080d00000, 0x0000000080d00000|
|  14|0x0000000080e00000, 0x0000000080ebf000, 0x0000000080f00000| 74%| O|  |TS  1|AC  0|TAMS 0x0000000080e00000, 0x0000000080e00000|
|  15|0x0000000080f00000, 0x0000000080f00000, 0x0000000081000000|  0%| F|  |TS  0|AC  0|TAMS 0x0000000080f00000, 0x0000000080f00000|
|  16|0x0000000081000000, 0x0000000081000000, 0x0000000081100000|  0%| F|  |TS  0|AC  0|TAMS 0x0000000081000000, 0x0000000081000000|
|  17|0x0000000081100000, 0x0000000081100000, 0x0000000081200000|  0%| F|  |TS  0|AC  0|TAMS 0x0000000081100000, 0x0000000081100000|
|  18|0x0000000081200000, 0x0000000081200000, 0x0000000081300000|  0%| F|  |TS  0|AC  0|TAMS 0x0000000081200000, 0x0000000081200000|
|  19|0x0000000081300000, 0x0000000081300000, 0x0000000081400000|  0%| F|  |TS  0|AC  0|TAMS 0x0000000081300000, 0x0000000081300000|
|  20|0x0000000081400000, 0x0000000081400000, 0x0000000081500000|  0%| F|  |TS  0|AC  0|TAMS 0x0000000081400000, 0x0000000081400000|
|  21|0x0000000081500000, 0x0000000081500000, 0x0000000081600000|  0%| F|  |TS  0|AC  0|TAMS 0x0000000081500000, 0x0000000081500000|
|  22|0x0000000081600000, 0x0000000081600000, 0x0000000081700000|  0%| F|  |TS  0|AC  0|TAMS 0x0000000081600000, 0x0000000081600000|
|  23|0x0000000081700000, 0x0000000081700000, 0x0000000081800000|  0%| F|  |TS  0|AC  0|TAMS 0x0000000081700000, 0x0000000081700000|
|  24|0x0000000081800000, 0x0000000081800000, 0x0000000081900000|  0%| F|  |TS  0|AC  0|TAMS 0x0000000081800000, 0x0000000081800000|
|  25|0x0000000081900000, 0x0000000081900000, 0x0000000081a00000|  0%| F|  |TS  0|AC  0|TAMS 0x0000000081900000, 0x0000000081900000|
|  26|0x0000000081a00000, 0x0000000081a00000, 0x0000000081b00000|  0%| F|  |TS  0|AC  0|TAMS 0x0000000081a00000, 0x0000000081a00000|
|  27|0x0000000081b00000, 0x0000000081b00000, 0x0000000081c00000|  0%| F|  |TS  0|AC  0|TAMS 0x0000000081b00000, 0x0000000081b00000|
|  28|0x0000000081c00000, 0x0000000081c00000, 0x0000000081d00000|  0%| F|  |TS  0|AC  0|TAMS 0x0000000081c00000, 0x0000000081c00000|
|  29|0x0000000081d00000, 0x0000000081d00000, 0x0000000081e00000|  0%| F|  |TS  0|AC  0|TAMS 0x0000000081d00000, 0x0000000081d00000|
|  30|0x0000000081e00000, 0x0000000081e00000, 0x0000000081f00000|  0%| F|  |TS  0|AC  0|TAMS 0x0000000081e00000, 0x0000000081e00000|
|  31|0x0000000081f00000, 0x0000000081f00000, 0x0000000082000000|  0%| F|  |TS  0|AC  0|TAMS 0x0000000081f00000, 0x0000000081f00000|
|  32|0x0000000082000000, 0x0000000082000000, 0x0000000082100000|  0%| F|  |TS  0|AC  0|TAMS 0x0000000082000000, 0x0000000082000000|
|  33|0x0000000082100000, 0x0000000082100000, 0x0000000082200000|  0%| F|  |TS  0|AC  0|TAMS 0x0000000082100000, 0x0000000082100000|
|  34|0x0000000082200000, 0x0000000082200000, 0x0000000082300000|  0%| F|  |TS  0|AC  0|TAMS 0x0000000082200000, 0x0000000082200000|
|  35|0x0000000082300000, 0x0000000082300000, 0x0000000082400000|  0%| F|  |TS  0|AC  0|TAMS 0x0000000082300000, 0x0000000082300000|
|  36|0x0000000082400000, 0x0000000082400000, 0x0000000082500000|  0%| F|  |TS  0|AC  0|TAMS 0x0000000082400000, 0x0000000082400000|
|  37|0x0000000082500000, 0x0000000082500000, 0x0000000082600000|  0%| F|  |TS  0|AC  0|TAMS 0x0000000082500000, 0x0000000082500000|
|  38|0x0000000082600000, 0x0000000082600000, 0x0000000082700000|  0%| F|  |TS  0|AC  0|TAMS 0x0000000082600000, 0x0000000082600000|
|  39|0x0000000082700000, 0x0000000082700000, 0x0000000082800000|  0%| F|  |TS  0|AC  0|TAMS 0x0000000082700000, 0x0000000082700000|
|  40|0x0000000082800000, 0x0000000082800000, 0x0000000082900000|  0%| F|  |TS  0|AC  0|TAMS 0x0000000082800000, 0x0000000082800000|
|  41|0x0000000082900000, 0x0000000082900000, 0x0000000082a00000|  0%| F|  |TS  0|AC  0|TAMS 0x0000000082900000, 0x0000000082900000|
|  42|0x0000000082a00000, 0x0000000082a00000, 0x0000000082b00000|  0%| F|  |TS  0|AC  0|TAMS 0x0000000082a00000, 0x0000000082a00000|
|  43|0x0000000082b00000, 0x0000000082b00000, 0x0000000082c00000|  0%| F|  |TS  0|AC  0|TAMS 0x0000000082b00000, 0x0000000082b00000|
|  44|0x0000000082c00000, 0x0000000082c00000, 0x0000000082d00000|  0%| F|  |TS  0|AC  0|TAMS 0x0000000082c00000, 0x0000000082c00000|
|  45|0x0000000082d00000, 0x0000000082d00000, 0x0000000082e00000|  0%| F|  |TS  0|AC  0|TAMS 0x0000000082d00000, 0x0000000082d00000|
|  46|0x0000000082e00000, 0x0000000082e00000, 0x0000000082f00000|  0%| F|  |TS  0|AC  0|TAMS 0x0000000082e00000, 0x0000000082e00000|
|  47|0x0000000082f00000, 0x0000000082f00000, 0x0000000083000000|  0%| F|  |TS  0|AC  0|TAMS 0x0000000082f00000, 0x0000000082f00000|
|  48|0x0000000083000000, 0x0000000083000000, 0x0000000083100000|  0%| F|  |TS  0|AC  0|TAMS 0x0000000083000000, 0x0000000083000000|
|  49|0x0000000083100000, 0x0000000083100000, 0x0000000083200000|  0%| F|  |TS  0|AC  0|TAMS 0x0000000083100000, 0x0000000083100000|
|  50|0x0000000083200000, 0x0000000083200000, 0x0000000083300000|  0%| F|  |TS  0|AC  0|TAMS 0x0000000083200000, 0x0000000083200000|
|  51|0x0000000083300000, 0x0000000083300000, 0x0000000083400000|  0%| F|  |TS  0|AC  0|TAMS 0x0000000083300000, 0x0000000083300000|
|  52|0x0000000083400000, 0x0000000083400000, 0x0000000083500000|  0%| F|  |TS  0|AC  0|TAMS 0x0000000083400000, 0x0000000083400000|
|  53|0x0000000083500000, 0x0000000083500000, 0x0000000083600000|  0%| F|  |TS  0|AC  0|TAMS 0x0000000083500000, 0x0000000083500000|
|  54|0x0000000083600000, 0x0000000083600000, 0x0000000083700000|  0%| F|  |TS  0|AC  0|TAMS 0x0000000083600000, 0x0000000083600000|
|  55|0x0000000083700000, 0x0000000083700000, 0x0000000083800000|  0%| F|  |TS  0|AC  0|TAMS 0x0000000083700000, 0x0000000083700000|
|  56|0x0000000083800000, 0x0000000083800000, 0x0000000083900000|  0%| F|  |TS  0|AC  0|TAMS 0x0000000083800000, 0x0000000083800000|
|  57|0x0000000083900000, 0x0000000083900000, 0x0000000083a00000|  0%| F|  |TS  0|AC  0|TAMS 0x0000000083900000, 0x0000000083900000|
|  58|0x0000000083a00000, 0x0000000083a00000, 0x0000000083b00000|  0%| F|  |TS  0|AC  0|TAMS 0x0000000083a00000, 0x0000000083a00000|
|  59|0x0000000083b00000, 0x0000000083b00000, 0x0000000083c00000|  0%| F|  |TS  0|AC  0|TAMS 0x0000000083b00000, 0x0000000083b00000|
|  60|0x0000000083c00000, 0x0000000083c00000, 0x0000000083d00000|  0%| F|  |TS  0|AC  0|TAMS 0x0000000083c00000, 0x0000000083c00000|
|  61|0x0000000083d00000, 0x0000000083d00000, 0x0000000083e00000|  0%| F|  |TS  0|AC  0|TAMS 0x0000000083d00000, 0x0000000083d00000|
|  62|0x0000000083e00000, 0x0000000083e00000, 0x0000000083f00000|  0%| F|  |TS  0|AC  0|TAMS 0x0000000083e00000, 0x0000000083e00000|
|  63|0x0000000083f00000, 0x0000000083f00000, 0x0000000084000000|  0%| F|  |TS  0|AC  0|TAMS 0x0000000083f00000, 0x0000000083f00000|
|  64|0x0000000084000000, 0x0000000084000000, 0x0000000084100000|  0%| F|  |TS  0|AC  0|TAMS 0x0000000084000000, 0x0000000084000000|
|  65|0x0000000084100000, 0x0000000084100000, 0x0000000084200000|  0%| F|  |TS  0|AC  0|TAMS 0x0000000084100000, 0x0000000084100000|
|  66|0x0000000084200000, 0x0000000084200000, 0x0000000084300000|  0%| F|  |TS  0|AC  0|TAMS 0x0000000084200000, 0x0000000084200000|
|  67|0x0000000084300000, 0x0000000084300000, 0x0000000084400000|  0%| F|  |TS  0|AC  0|TAMS 0x0000000084300000, 0x0000000084300000|
|  68|0x0000000084400000, 0x0000000084400000, 0x0000000084500000|  0%| F|  |TS  0|AC  0|TAMS 0x0000000084400000, 0x0000000084400000|
|  69|0x0000000084500000, 0x0000000084500000, 0x0000000084600000|  0%| F|  |TS  0|AC  0|TAMS 0x0000000084500000, 0x0000000084500000|
|  70|0x0000000084600000, 0x0000000084600000, 0x0000000084700000|  0%| F|  |TS  0|AC  0|TAMS 0x0000000084600000, 0x0000000084600000|
|  71|0x0000000084700000, 0x0000000084700000, 0x0000000084800000|  0%| F|  |TS  0|AC  0|TAMS 0x0000000084700000, 0x0000000084700000|
|  72|0x0000000084800000, 0x0000000084800000, 0x0000000084900000|  0%| F|  |TS  0|AC  0|TAMS 0x0000000084800000, 0x0000000084800000|
|  73|0x0000000084900000, 0x0000000084900000, 0x0000000084a00000|  0%| F|  |TS  0|AC  0|TAMS 0x0000000084900000, 0x0000000084900000|
|  74|0x0000000084a00000, 0x0000000084a00000, 0x0000000084b00000|  0%| F|  |TS  0|AC  0|TAMS 0x0000000084a00000, 0x0000000084a00000|
|  75|0x0000000084b00000, 0x0000000084b00000, 0x0000000084c00000|  0%| F|  |TS  0|AC  0|TAMS 0x0000000084b00000, 0x0000000084b00000|
|  76|0x0000000084c00000, 0x0000000084c00000, 0x0000000084d00000|  0%| F|  |TS  0|AC  0|TAMS 0x0000000084c00000, 0x0000000084c00000|
|  77|0x0000000084d00000, 0x0000000084d00000, 0x0000000084e00000|  0%| F|  |TS  0|AC  0|TAMS 0x0000000084d00000, 0x0000000084d00000|
|  78|0x0000000084e00000, 0x0000000084e00000, 0x0000000084f00000|  0%| F|  |TS  0|AC  0|TAMS 0x0000000084e00000, 0x0000000084e00000|
|  79|0x0000000084f00000, 0x0000000084f00000, 0x0000000085000000|  0%| F|  |TS  0|AC  0|TAMS 0x0000000084f00000, 0x0000000084f00000|
|  80|0x0000000085000000, 0x0000000085000000, 0x0000000085100000|  0%| F|  |TS  0|AC  0|TAMS 0x0000000085000000, 0x0000000085000000|
|  81|0x0000000085100000, 0x0000000085100000, 0x0000000085200000|  0%| F|  |TS  0|AC  0|TAMS 0x0000000085100000, 0x0000000085100000|
|  82|0x0000000085200000, 0x0000000085200000, 0x0000000085300000|  0%| F|  |TS  0|AC  0|TAMS 0x0000000085200000, 0x0000000085200000|
|  83|0x0000000085300000, 0x0000000085300000, 0x0000000085400000|  0%| F|  |TS  0|AC  0|TAMS 0x0000000085300000, 0x0000000085300000|
|  84|0x0000000085400000, 0x0000000085400000, 0x0000000085500000|  0%| F|  |TS  0|AC  0|TAMS 0x0000000085400000, 0x0000000085400000|
|  85|0x0000000085500000, 0x0000000085500000, 0x0000000085600000|  0%| F|  |TS  0|AC  0|TAMS 0x0000000085500000, 0x0000000085500000|
|  86|0x0000000085600000, 0x0000000085600000, 0x0000000085700000|  0%| F|  |TS  0|AC  0|TAMS 0x0000000085600000, 0x0000000085600000|
|  87|0x0000000085700000, 0x0000000085700000, 0x0000000085800000|  0%| F|  |TS  0|AC  0|TAMS 0x0000000085700000, 0x0000000085700000|
|  88|0x0000000085800000, 0x0000000085800000, 0x0000000085900000|  0%| F|  |TS  0|AC  0|TAMS 0x0000000085800000, 0x0000000085800000|
|  89|0x0000000085900000, 0x0000000085900000, 0x0000000085a00000|  0%| F|  |TS  0|AC  0|TAMS 0x0000000085900000, 0x0000000085900000|
|  90|0x0000000085a00000, 0x0000000085a00000, 0x0000000085b00000|  0%| F|  |TS  0|AC  0|TAMS 0x0000000085a00000, 0x0000000085a00000|
|  91|0x0000000085b00000, 0x0000000085b00000, 0x0000000085c00000|  0%| F|  |TS  0|AC  0|TAMS 0x0000000085b00000, 0x0000000085b00000|
|  92|0x0000000085c00000, 0x0000000085c00000, 0x0000000085d00000|  0%| F|  |TS  0|AC  0|TAMS 0x0000000085c00000, 0x0000000085c00000|
|  93|0x0000000085d00000, 0x0000000085d00000, 0x0000000085e00000|  0%| F|  |TS  0|AC  0|TAMS 0x0000000085d00000, 0x0000000085d00000|
|  94|0x0000000085e00000, 0x0000000085e00000, 0x0000000085f00000|  0%| F|  |TS  0|AC  0|TAMS 0x0000000085e00000, 0x0000000085e00000|
|  95|0x0000000085f00000, 0x0000000085f00000, 0x0000000086000000|  0%| F|  |TS  0|AC  0|TAMS 0x0000000085f00000, 0x0000000085f00000|
|  96|0x0000000086000000, 0x0000000086000000, 0x0000000086100000|  0%| F|  |TS  0|AC  0|TAMS 0x0000000086000000, 0x0000000086000000|
|  97|0x0000000086100000, 0x0000000086100000, 0x0000000086200000|  0%| F|  |TS  0|AC  0|TAMS 0x0000000086100000, 0x0000000086100000|
|  98|0x0000000086200000, 0x0000000086200000, 0x0000000086300000|  0%| F|  |TS  0|AC  0|TAMS 0x0000000086200000, 0x0000000086200000|
|  99|0x0000000086300000, 0x0000000086300000, 0x0000000086400000|  0%| F|  |TS  0|AC  0|TAMS 0x0000000086300000, 0x0000000086300000|
| 100|0x0000000086400000, 0x0000000086400000, 0x0000000086500000|  0%| F|  |TS  0|AC  0|TAMS 0x0000000086400000, 0x0000000086400000|
| 101|0x0000000086500000, 0x0000000086500000, 0x0000000086600000|  0%| F|  |TS  0|AC  0|TAMS 0x0000000086500000, 0x0000000086500000|
| 102|0x0000000086600000, 0x0000000086600000, 0x0000000086700000|  0%| F|  |TS  0|AC  0|TAMS 0x0000000086600000, 0x0000000086600000|
| 103|0x0000000086700000, 0x0000000086700000, 0x0000000086800000|  0%| F|  |TS  0|AC  0|TAMS 0x0000000086700000, 0x0000000086700000|
| 104|0x0000000086800000, 0x0000000086800000, 0x0000000086900000|  0%| F|  |TS  0|AC  0|TAMS 0x0000000086800000, 0x0000000086800000|
| 105|0x0000000086900000, 0x0000000086900000, 0x0000000086a00000|  0%| F|  |TS  0|AC  0|TAMS 0x0000000086900000, 0x0000000086900000|
| 106|0x0000000086a00000, 0x0000000086a00000, 0x0000000086b00000|  0%| F|  |TS  0|AC  0|TAMS 0x0000000086a00000, 0x0000000086a00000|
| 107|0x0000000086b00000, 0x0000000086b00000, 0x0000000086c00000|  0%| F|  |TS  0|AC  0|TAMS 0x0000000086b00000, 0x0000000086b00000|
| 108|0x0000000086c00000, 0x0000000086c00000, 0x0000000086d00000|  0%| F|  |TS  0|AC  0|TAMS 0x0000000086c00000, 0x0000000086c00000|
| 109|0x0000000086d00000, 0x0000000086d00000, 0x0000000086e00000|  0%| F|  |TS  0|AC  0|TAMS 0x0000000086d00000, 0x0000000086d00000|
| 110|0x0000000086e00000, 0x0000000086e00000, 0x0000000086f00000|  0%| F|  |TS  0|AC  0|TAMS 0x0000000086e00000, 0x0000000086e00000|
| 111|0x0000000086f00000, 0x0000000086f00000, 0x0000000087000000|  0%| F|  |TS  0|AC  0|TAMS 0x0000000086f00000, 0x0000000086f00000|
| 112|0x0000000087000000, 0x0000000087000000, 0x0000000087100000|  0%| F|  |TS  0|AC  0|TAMS 0x0000000087000000, 0x0000000087000000|
| 113|0x0000000087100000, 0x0000000087100000, 0x0000000087200000|  0%| F|  |TS  0|AC  0|TAMS 0x0000000087100000, 0x0000000087100000|
| 114|0x0000000087200000, 0x0000000087200000, 0x0000000087300000|  0%| F|  |TS  0|AC  0|TAMS 0x0000000087200000, 0x0000000087200000|
| 115|0x0000000087300000, 0x0000000087300000, 0x0000000087400000|  0%| F|  |TS  0|AC  0|TAMS 0x0000000087300000, 0x0000000087300000|
| 116|0x0000000087400000, 0x0000000087400000, 0x0000000087500000|  0%| F|  |TS  0|AC  0|TAMS 0x0000000087400000, 0x0000000087400000|
| 117|0x0000000087500000, 0x0000000087500000, 0x0000000087600000|  0%| F|  |TS  0|AC  0|TAMS 0x0000000087500000, 0x0000000087500000|
| 118|0x0000000087600000, 0x0000000087600000, 0x0000000087700000|  0%| F|  |TS  0|AC  0|TAMS 0x0000000087600000, 0x0000000087600000|
| 119|0x0000000087700000, 0x0000000087700000, 0x0000000087800000|  0%| F|  |TS  0|AC  0|TAMS 0x0000000087700000, 0x0000000087700000|
| 120|0x0000000087800000, 0x0000000087800000, 0x0000000087900000|  0%| F|  |TS  0|AC  0|TAMS 0x0000000087800000, 0x0000000087800000|
| 121|0x0000000087900000, 0x0000000087900000, 0x0000000087a00000|  0%| F|  |TS  0|AC  0|TAMS 0x0000000087900000, 0x0000000087900000|
| 122|0x0000000087a00000, 0x0000000087ae7240, 0x0000000087b00000| 90%| S|CS|TS  1|AC  0|TAMS 0x0000000087a00000, 0x0000000087a00000|
| 123|0x0000000087b00000, 0x0000000087c00000, 0x0000000087c00000|100%| S|CS|TS  1|AC  0|TAMS 0x0000000087b00000, 0x0000000087b00000|
| 124|0x0000000087c00000, 0x0000000087d00000, 0x0000000087d00000|100%| S|CS|TS  1|AC  0|TAMS 0x0000000087c00000, 0x0000000087c00000|
| 125|0x0000000087d00000, 0x0000000087e00000, 0x0000000087e00000|100%| S|CS|TS  1|AC  0|TAMS 0x0000000087d00000, 0x0000000087d00000|
| 126|0x0000000087e00000, 0x0000000087f00000, 0x0000000087f00000|100%| S|CS|TS  1|AC  0|TAMS 0x0000000087e00000, 0x0000000087e00000|
| 127|0x0000000087f00000, 0x0000000088000000, 0x0000000088000000|100%| S|CS|TS  1|AC  0|TAMS 0x0000000087f00000, 0x0000000087f00000|
| 128|0x0000000088000000, 0x0000000088000000, 0x0000000088100000|  0%| F|  |TS  1|AC  0|TAMS 0x0000000088000000, 0x0000000088000000|
| 129|0x0000000088100000, 0x0000000088100000, 0x0000000088200000|  0%| F|  |TS  1|AC  0|TAMS 0x0000000088100000, 0x0000000088100000|
| 130|0x0000000088200000, 0x0000000088200000, 0x0000000088300000|  0%| F|  |TS  1|AC  0|TAMS 0x0000000088200000, 0x0000000088200000|
| 131|0x0000000088300000, 0x0000000088300000, 0x0000000088400000|  0%| F|  |TS  1|AC  0|TAMS 0x0000000088300000, 0x0000000088300000|
| 132|0x0000000088400000, 0x0000000088400000, 0x0000000088500000|  0%| F|  |TS  1|AC  0|TAMS 0x0000000088400000, 0x0000000088400000|
| 133|0x0000000088500000, 0x0000000088500000, 0x0000000088600000|  0%| F|  |TS  1|AC  0|TAMS 0x0000000088500000, 0x0000000088500000|
| 134|0x0000000088600000, 0x0000000088600000, 0x0000000088700000|  0%| F|  |TS  1|AC  0|TAMS 0x0000000088600000, 0x0000000088600000|
| 135|0x0000000088700000, 0x0000000088700000, 0x0000000088800000|  0%| F|  |TS  1|AC  0|TAMS 0x0000000088700000, 0x0000000088700000|
| 136|0x0000000088800000, 0x0000000088800000, 0x0000000088900000|  0%| F|  |TS  1|AC  0|TAMS 0x0000000088800000, 0x0000000088800000|
| 137|0x0000000088900000, 0x0000000088900000, 0x0000000088a00000|  0%| F|  |TS  1|AC  0|TAMS 0x0000000088900000, 0x0000000088900000|
| 138|0x0000000088a00000, 0x0000000088a00000, 0x0000000088b00000|  0%| F|  |TS  1|AC  0|TAMS 0x0000000088a00000, 0x0000000088a00000|
| 139|0x0000000088b00000, 0x0000000088b00000, 0x0000000088c00000|  0%| F|  |TS  1|AC  0|TAMS 0x0000000088b00000, 0x0000000088b00000|
| 140|0x0000000088c00000, 0x0000000088c00000, 0x0000000088d00000|  0%| F|  |TS  1|AC  0|TAMS 0x0000000088c00000, 0x0000000088c00000|
| 141|0x0000000088d00000, 0x0000000088d00000, 0x0000000088e00000|  0%| F|  |TS  1|AC  0|TAMS 0x0000000088d00000, 0x0000000088d00000|
| 142|0x0000000088e00000, 0x0000000088e00000, 0x0000000088f00000|  0%| F|  |TS  1|AC  0|TAMS 0x0000000088e00000, 0x0000000088e00000|
| 143|0x0000000088f00000, 0x0000000088f00000, 0x0000000089000000|  0%| F|  |TS  1|AC  0|TAMS 0x0000000088f00000, 0x0000000088f00000|
| 144|0x0000000089000000, 0x0000000089000000, 0x0000000089100000|  0%| F|  |TS  1|AC  0|TAMS 0x0000000089000000, 0x0000000089000000|
| 145|0x0000000089100000, 0x0000000089100000, 0x0000000089200000|  0%| F|  |TS  1|AC  0|TAMS 0x0000000089100000, 0x0000000089100000|
| 146|0x0000000089200000, 0x0000000089200000, 0x0000000089300000|  0%| F|  |TS  1|AC  0|TAMS 0x0000000089200000, 0x0000000089200000|
| 147|0x0000000089300000, 0x0000000089300000, 0x0000000089400000|  0%| F|  |TS  1|AC  0|TAMS 0x0000000089300000, 0x0000000089300000|
| 148|0x0000000089400000, 0x0000000089400000, 0x0000000089500000|  0%| F|  |TS  1|AC  0|TAMS 0x0000000089400000, 0x0000000089400000|
| 149|0x0000000089500000, 0x0000000089500000, 0x0000000089600000|  0%| F|  |TS  1|AC  0|TAMS 0x0000000089500000, 0x0000000089500000|
| 150|0x0000000089600000, 0x0000000089600000, 0x0000000089700000|  0%| F|  |TS  1|AC  0|TAMS 0x0000000089600000, 0x0000000089600000|
| 151|0x0000000089700000, 0x0000000089700000, 0x0000000089800000|  0%| F|  |TS  1|AC  0|TAMS 0x0000000089700000, 0x0000000089700000|
| 152|0x0000000089800000, 0x0000000089800000, 0x0000000089900000|  0%| F|  |TS  1|AC  0|TAMS 0x0000000089800000, 0x0000000089800000|
| 153|0x0000000089900000, 0x0000000089900000, 0x0000000089a00000|  0%| F|  |TS  1|AC  0|TAMS 0x0000000089900000, 0x0000000089900000|
| 154|0x0000000089a00000, 0x0000000089a00000, 0x0000000089b00000|  0%| F|  |TS  1|AC  0|TAMS 0x0000000089a00000, 0x0000000089a00000|
| 155|0x0000000089b00000, 0x0000000089b00000, 0x0000000089c00000|  0%| F|  |TS  1|AC  0|TAMS 0x0000000089b00000, 0x0000000089b00000|
| 156|0x0000000089c00000, 0x0000000089c00000, 0x0000000089d00000|  0%| F|  |TS  1|AC  0|TAMS 0x0000000089c00000, 0x0000000089c00000|
| 157|0x0000000089d00000, 0x0000000089d00000, 0x0000000089e00000|  0%| F|  |TS  1|AC  0|TAMS 0x0000000089d00000, 0x0000000089d00000|
| 158|0x0000000089e00000, 0x0000000089e00000, 0x0000000089f00000|  0%| F|  |TS  1|AC  0|TAMS 0x0000000089e00000, 0x0000000089e00000|
| 159|0x0000000089f00000, 0x0000000089f00000, 0x000000008a000000|  0%| F|  |TS  1|AC  0|TAMS 0x0000000089f00000, 0x0000000089f00000|
| 160|0x000000008a000000, 0x000000008a000000, 0x000000008a100000|  0%| F|  |TS  1|AC  0|TAMS 0x000000008a000000, 0x000000008a000000|
| 161|0x000000008a100000, 0x000000008a100000, 0x000000008a200000|  0%| F|  |TS  1|AC  0|TAMS 0x000000008a100000, 0x000000008a100000|
| 162|0x000000008a200000, 0x000000008a200000, 0x000000008a300000|  0%| F|  |TS  1|AC  0|TAMS 0x000000008a200000, 0x000000008a200000|
| 163|0x000000008a300000, 0x000000008a300000, 0x000000008a400000|  0%| F|  |TS  1|AC  0|TAMS 0x000000008a300000, 0x000000008a300000|
| 164|0x000000008a400000, 0x000000008a400000, 0x000000008a500000|  0%| F|  |TS  1|AC  0|TAMS 0x000000008a400000, 0x000000008a400000|
| 165|0x000000008a500000, 0x000000008a500000, 0x000000008a600000|  0%| F|  |TS  1|AC  0|TAMS 0x000000008a500000, 0x000000008a500000|
| 166|0x000000008a600000, 0x000000008a600000, 0x000000008a700000|  0%| F|  |TS  1|AC  0|TAMS 0x000000008a600000, 0x000000008a600000|
| 167|0x000000008a700000, 0x000000008a700000, 0x000000008a800000|  0%| F|  |TS  1|AC  0|TAMS 0x000000008a700000, 0x000000008a700000|
| 168|0x000000008a800000, 0x000000008a800000, 0x000000008a900000|  0%| F|  |TS  1|AC  0|TAMS 0x000000008a800000, 0x000000008a800000|
| 169|0x000000008a900000, 0x000000008a900000, 0x000000008aa00000|  0%| F|  |TS  1|AC  0|TAMS 0x000000008a900000, 0x000000008a900000|
| 170|0x000000008aa00000, 0x000000008aa00000, 0x000000008ab00000|  0%| F|  |TS  1|AC  0|TAMS 0x000000008aa00000, 0x000000008aa00000|
| 171|0x000000008ab00000, 0x000000008ab00000, 0x000000008ac00000|  0%| F|  |TS  1|AC  0|TAMS 0x000000008ab00000, 0x000000008ab00000|
| 172|0x000000008ac00000, 0x000000008ac00000, 0x000000008ad00000|  0%| F|  |TS  1|AC  0|TAMS 0x000000008ac00000, 0x000000008ac00000|
| 173|0x000000008ad00000, 0x000000008ad00000, 0x000000008ae00000|  0%| F|  |TS  1|AC  0|TAMS 0x000000008ad00000, 0x000000008ad00000|
| 174|0x000000008ae00000, 0x000000008ae00000, 0x000000008af00000|  0%| F|  |TS  1|AC  0|TAMS 0x000000008ae00000, 0x000000008ae00000|
| 175|0x000000008af00000, 0x000000008af00000, 0x000000008b000000|  0%| F|  |TS  1|AC  0|TAMS 0x000000008af00000, 0x000000008af00000|
| 176|0x000000008b000000, 0x000000008b000000, 0x000000008b100000|  0%| F|  |TS  1|AC  0|TAMS 0x000000008b000000, 0x000000008b000000|
| 177|0x000000008b100000, 0x000000008b100000, 0x000000008b200000|  0%| F|  |TS  1|AC  0|TAMS 0x000000008b100000, 0x000000008b100000|
| 178|0x000000008b200000, 0x000000008b200000, 0x000000008b300000|  0%| F|  |TS  1|AC  0|TAMS 0x000000008b200000, 0x000000008b200000|
| 179|0x000000008b300000, 0x000000008b300000, 0x000000008b400000|  0%| F|  |TS  1|AC  0|TAMS 0x000000008b300000, 0x000000008b300000|
| 180|0x000000008b400000, 0x000000008b400000, 0x000000008b500000|  0%| F|  |TS  1|AC  0|TAMS 0x000000008b400000, 0x000000008b400000|
| 181|0x000000008b500000, 0x000000008b500000, 0x000000008b600000|  0%| F|  |TS  1|AC  0|TAMS 0x000000008b500000, 0x000000008b500000|
| 182|0x000000008b600000, 0x000000008b600000, 0x000000008b700000|  0%| F|  |TS  1|AC  0|TAMS 0x000000008b600000, 0x000000008b600000|
| 183|0x000000008b700000, 0x000000008b700000, 0x000000008b800000|  0%| F|  |TS  1|AC  0|TAMS 0x000000008b700000, 0x000000008b700000|

Card table byte_map: [0x00007f2bc871c000,0x00007f2bc8b1c000] byte_map_base: 0x00007f2bc831c000

Marking Bits (Prev, Next): (CMBitMap*) 0x00007f2bc4056f88, (CMBitMap*) 0x00007f2bc4056f50
 Prev Bits: [0x00007f2b9a000000, 0x00007f2b9c000000)
 Next Bits: [0x00007f2ba9b26000, 0x00007f2babb26000)

Polling page: 0x00007f2bcd618000

CodeHeap 'non-profiled nmethods': size=120032Kb used=1189Kb max_used=1189Kb free=118842Kb
 bounds [0x00007f2bb35ee000, 0x00007f2bb385e000, 0x00007f2bbab26000]
CodeHeap 'profiled nmethods': size=120032Kb used=4318Kb max_used=4318Kb free=115713Kb
 bounds [0x00007f2bac0b6000, 0x00007f2bac4f6000, 0x00007f2bb35ee000]
CodeHeap 'non-nmethods': size=5696Kb used=2130Kb max_used=2171Kb free=3565Kb
 bounds [0x00007f2babb26000, 0x00007f2babd96000, 0x00007f2bac0b6000]
 total_blobs=3704 nmethods=2282 adapters=592
 compilation: enabled

Compilation events (10 events):
Event: 215.615 Thread 0x00007f2bc417f000 2486       3       org.objectweb.asm.ByteVector::<init> (13 bytes)
Event: 215.767 Thread 0x00007f2bc417b000 nmethod 2482 0x00007f2bb3716a10 code [0x00007f2bb3716ba0, 0x00007f2bb3716c78]
Event: 216.108 Thread 0x00007f2bc417f000 nmethod 2486 0x00007f2bac4ee710 code [0x00007f2bac4ee8c0, 0x00007f2bac4eeb70]
Event: 216.156 Thread 0x00007f2bc417f000 2487       3       org.objectweb.asm.ByteVector::putByteArray (49 bytes)
Event: 216.293 Thread 0x00007f2bc417d000 nmethod 2479 0x00007f2bb3716d90 code [0x00007f2bb3716f40, 0x00007f2bb3717478]
Event: 217.048 Thread 0x00007f2bc417f000 nmethod 2487 0x00007f2bac4eec90 code [0x00007f2bac4eee60, 0x00007f2bac4ef178]
Event: 217.097 Thread 0x00007f2bc417f000 2484       3       org.objectweb.asm.ClassReader::readLabel (20 bytes)
Event: 218.287 Thread 0x00007f2bc417f000 nmethod 2484 0x00007f2bac4ef290 code [0x00007f2bac4ef460, 0x00007f2bac4ef8f0]
Event: 231.498 Thread 0x00007f2bc417f000 2488       3       java.nio.channels.spi.AbstractInterruptibleChannel::isOpen (13 bytes)
Event: 232.096 Thread 0x00007f2bc417f000 nmethod 2488 0x00007f2bac4efa90 code [0x00007f2bac4efc40, 0x00007f2bac4efdf0]

GC Heap History (9 events):
Event: 0.420 GC heap before
{Heap before GC invocations=0 (full 0):
 garbage-first heap   total 188416K, used 16384K [0x0000000080000000, 0x0000000100000000)
  region size 1024K, 14 young (14336K), 0 survivors (0K)
 Metaspace       used 8939K, capacity 9081K, committed 9216K, reserved 1056768K
  class space    used 883K, capacity 965K, committed 1024K, reserved 1048576K
}
Event: 0.427 GC heap after
{Heap after GC invocations=1 (full 0):
 garbage-first heap   total 188416K, used 6189K [0x0000000080000000, 0x0000000100000000)
  region size 1024K, 2 young (2048K), 2 survivors (2048K)
 Metaspace       used 8939K, capacity 9081K, committed 9216K, reserved 1056768K
  class space    used 883K, capacity 965K, committed 1024K, reserved 1048576K
}
Event: 0.640 GC heap before
{Heap before GC invocations=1 (full 0):
 garbage-first heap   total 188416K, used 22573K [0x0000000080000000, 0x0000000100000000)
  region size 1024K, 18 young (18432K), 2 survivors (2048K)
 Metaspace       used 10025K, capacity 10183K, committed 10368K, reserved 1058816K
  class space    used 1000K, capacity 1097K, committed 1152K, reserved 1048576K
}
Event: 0.644 GC heap after
{Heap after GC invocations=2 (full 0):
 garbage-first heap   total 188416K, used 7271K [0x0000000080000000, 0x0000000100000000)
  region size 1024K, 2 young (2048K), 2 survivors (2048K)
 Metaspace       used 10025K, capacity 10183K, committed 10368K, reserved 1058816K
  class space    used 1000K, capacity 1097K, committed 1152K, reserved 1048576K
}
Event: 1.514 GC heap before
{Heap before GC invocations=2 (full 0):
 garbage-first heap   total 188416K, used 33895K [0x0000000080000000, 0x0000000100000000)
  region size 1024K, 27 young (27648K), 2 survivors (2048K)
 Metaspace       used 15948K, capacity 16301K, committed 16512K, reserved 1064960K
  class space    used 1752K, capacity 1886K, committed 1920K, reserved 1048576K
}
Event: 1.527 GC heap after
{Heap after GC invocations=3 (full 0):
 garbage-first heap   total 188416K, used 12189K [0x0000000080000000, 0x0000000100000000)
  region size 1024K, 4 young (4096K), 4 survivors (4096K)
 Metaspace       used 15948K, capacity 16301K, committed 16512K, reserved 1064960K
  class space    used 1752K, capacity 1886K, committed 1920K, reserved 1048576K
}
Event: 2.278 GC heap before
{Heap before GC invocations=3 (full 0):
 garbage-first heap   total 188416K, used 49053K [0x0000000080000000, 0x0000000100000000)
  region size 1024K, 41 young (41984K), 4 survivors (4096K)
 Metaspace       used 20863K, capacity 21192K, committed 21296K, reserved 1069056K
  class space    used 2530K, capacity 2677K, committed 2688K, reserved 1048576K
}
Event: 2.313 GC heap after
{Heap after GC invocations=4 (full 0):
 garbage-first heap   total 188416K, used 13855K [0x0000000080000000, 0x0000000100000000)
  region size 1024K, 6 young (6144K), 6 survivors (6144K)
 Metaspace       used 20863K, capacity 21192K, committed 21296K, reserved 1069056K
  class space    used 2530K, capacity 2677K, committed 2688K, reserved 1048576K
}
Event: 234.368 GC heap before
{Heap before GC invocations=5 (full 0):
 garbage-first heap   total 188416K, used 68127K [0x0000000080000000, 0x0000000100000000)
  region size 1024K, 56 young (57344K), 6 survivors (6144K)
 Metaspace       used 30187K, capacity 30617K, committed 30976K, reserved 1077248K
  class space    used 3623K, capacity 3832K, committed 3840K, reserved 1048576K
}

Deoptimization events (10 events):
Event: 15.654 Thread 0x00007f2b4000c000 Uncommon trap: reason=class_check action=maybe_recompile pc=0x00007f2bb36d6ce0 method=jdk.internal.loader.URLClassPath.getLoader(I)Ljdk/internal/loader/URLClassPath$Loader; @ 196 c2
Event: 77.160 Thread 0x00007f2b4000c000 Uncommon trap: reason=unstable_if action=reinterpret pc=0x00007f2bb36627cc method=java.util.HashMap.hash(Ljava/lang/Object;)I @ 1 c2
Event: 83.086 Thread 0x00007f2b4000c000 Uncommon trap: reason=unstable_if action=reinterpret pc=0x00007f2bb367d8ac method=java.util.HashMap.hash(Ljava/lang/Object;)I @ 1 c2
Event: 83.509 Thread 0x00007f2b4000c000 Uncommon trap: reason=unstable_if action=reinterpret pc=0x00007f2bb36e7520 method=java.util.HashMap.hash(Ljava/lang/Object;)I @ 1 c2
Event: 83.513 Thread 0x00007f2b4000c000 Uncommon trap: reason=unstable_if action=reinterpret pc=0x00007f2bb3638f88 method=java.util.HashMap.getNode(ILjava/lang/Object;)Ljava/util/HashMap$Node; @ 53 c2
Event: 83.513 Thread 0x00007f2b4000c000 Uncommon trap: reason=unstable_if action=reinterpret pc=0x00007f2bb3626450 method=java.util.HashMap.hash(Ljava/lang/Object;)I @ 1 c2
Event: 90.675 Thread 0x00007f2b4000c000 Uncommon trap: reason=unstable_if action=reinterpret pc=0x00007f2bb36ab0cc method=java.lang.StringLatin1.compareToCI([B[B)I @ 31 c2
Event: 112.782 Thread 0x00007f2b2c007000 Uncommon trap: reason=unstable_if action=reinterpret pc=0x00007f2bb3692a3c method=java.util.concurrent.ConcurrentHashMap.addCount(JI)V @ 34 c2
Event: 116.395 Thread 0x00007f2b2c007000 Uncommon trap: reason=unstable_if action=reinterpret pc=0x00007f2bb3661d18 method=java.util.concurrent.ConcurrentHashMap.addCount(JI)V @ 7 c2
Event: 116.472 Thread 0x00007f2b4000c000 Uncommon trap: reason=unstable_if action=reinterpret pc=0x00007f2bb3661d18 method=java.util.concurrent.ConcurrentHashMap.addCount(JI)V @ 7 c2

Classes redefined (0 events):
No events

Internal exceptions (10 events):
Event: 38.578 Thread 0x00007f2b4000c000 Exception <a 'java/lang/ClassNotFoundException'{0x0000000089b02528}: org/gradle/initialization/DefaultSettings_DecoratedBeanInfo> (0x0000000089b02528) thrown at [/build/openjdk-lts-xioZJb/openjdk-lts-10.0.2+13/src/hotspot/share/classfile/systemDictionary.
Event: 40.842 Thread 0x00007f2b4000c000 Exception <a 'java/lang/ClassNotFoundException'{0x0000000089b17f48}: org/gradle/initialization/DefaultSettingsBeanInfo> (0x0000000089b17f48) thrown at [/build/openjdk-lts-xioZJb/openjdk-lts-10.0.2+13/src/hotspot/share/classfile/systemDictionary.cpp, line 
Event: 42.497 Thread 0x00007f2b4000c000 Exception <a 'java/lang/ClassNotFoundException'{0x0000000089b30258}: org/gradle/api/internal/project/AbstractPluginAwareBeanInfo> (0x0000000089b30258) thrown at [/build/openjdk-lts-xioZJb/openjdk-lts-10.0.2+13/src/hotspot/share/classfile/systemDictionary.
Event: 46.437 Thread 0x00007f2b4000c000 Exception <a 'java/lang/ClassNotFoundException'{0x0000000089b88980}: org/gradle/api/internal/project/AbstractPluginAwareCustomizer> (0x0000000089b88980) thrown at [/build/openjdk-lts-xioZJb/openjdk-lts-10.0.2+13/src/hotspot/share/classfile/systemDictionar
Event: 57.512 Thread 0x00007f2b4000c000 Exception <a 'java/lang/ClassNotFoundException'{0x0000000089ba5a88}: org/gradle/initialization/DefaultSettingsCustomizer> (0x0000000089ba5a88) thrown at [/build/openjdk-lts-xioZJb/openjdk-lts-10.0.2+13/src/hotspot/share/classfile/systemDictionary.cpp, lin
Event: 60.655 Thread 0x00007f2b4000c000 Exception <a 'java/lang/ClassNotFoundException'{0x0000000089be5c98}: org/gradle/initialization/DefaultSettings_DecoratedCustomizer> (0x0000000089be5c98) thrown at [/build/openjdk-lts-xioZJb/openjdk-lts-10.0.2+13/src/hotspot/share/classfile/systemDictionar
Event: 77.154 Thread 0x00007f2b4000c000 Implicit null exception at 0x00007f2bb36625f5 to 0x00007f2bb36627ba
Event: 83.084 Thread 0x00007f2b4000c000 Implicit null exception at 0x00007f2bb367d82f to 0x00007f2bb367d89d
Event: 83.501 Thread 0x00007f2b4000c000 Implicit null exception at 0x00007f2bb36e72f4 to 0x00007f2bb36e7516
Event: 83.513 Thread 0x00007f2b4000c000 Implicit null exception at 0x00007f2bb3624fdb to 0x00007f2bb3626432

Events (10 events):
Event: 228.314 loading class org/gradle/plugins/ide/internal/tooling/BuildEnvironmentBuilder done
Event: 229.974 loading class org/gradle/kotlin/dsl/tooling/builders/KotlinBuildScriptModelBuilder
Event: 229.983 loading class org/gradle/kotlin/dsl/tooling/builders/KotlinBuildScriptModelBuilder done
Event: 231.679 loading class org/gradle/kotlin/dsl/tooling/builders/KotlinBuildScriptTemplateModelBuilder
Event: 231.685 loading class org/gradle/kotlin/dsl/tooling/builders/KotlinBuildScriptTemplateModelBuilder done
Event: 233.173 loading class kotlin/collections/CollectionsKt
Event: 233.180 loading class kotlin/collections/CollectionsKt done
Event: 233.675 loading class kotlin/collections/CollectionsKt___CollectionsKt
Event: 233.683 loading class kotlin/collections/CollectionsKt___CollectionsKt done
Event: 234.086 Executing VM operation: G1IncCollectionPause


Dynamic libraries:
80000000-8b800000 rw-p 00000000 00:00 0 
8f200000-100000000 ---p 00000000 00:00 0 
100000000-1003c0000 rw-p 00000000 00:00 0 
1003c0000-140000000 ---p 00000000 00:00 0 
55b3f8256000-55b3f8257000 r-xp 00000000 08:05 4196126                    /usr/lib/jvm/java-11-openjdk-amd64/bin/java
55b3f8457000-55b3f8458000 r--p 00001000 08:05 4196126                    /usr/lib/jvm/java-11-openjdk-amd64/bin/java
55b3f8458000-55b3f8459000 rw-p 00002000 08:05 4196126                    /usr/lib/jvm/java-11-openjdk-amd64/bin/java
55b3f962a000-55b3f966c000 rw-p 00000000 00:00 0                          [heap]
7f2b24000000-7f2b24021000 rw-p 00000000 00:00 0 
7f2b24021000-7f2b28000000 ---p 00000000 00:00 0 
7f2b2c000000-7f2b2c5eb000 rw-p 00000000 00:00 0 
7f2b2c5eb000-7f2b30000000 ---p 00000000 00:00 0 
7f2b30000000-7f2b30025000 rw-p 00000000 00:00 0 
7f2b30025000-7f2b34000000 ---p 00000000 00:00 0 
7f2b34000000-7f2b34027000 rw-p 00000000 00:00 0 
7f2b34027000-7f2b38000000 ---p 00000000 00:00 0 
7f2b38000000-7f2b38021000 rw-p 00000000 00:00 0 
7f2b38021000-7f2b3c000000 ---p 00000000 00:00 0 
7f2b3c000000-7f2b3c02d000 rw-p 00000000 00:00 0 
7f2b3c02d000-7f2b40000000 ---p 00000000 00:00 0 
7f2b40000000-7f2b40021000 rw-p 00000000 00:00 0 
7f2b40021000-7f2b44000000 ---p 00000000 00:00 0 
7f2b44000000-7f2b44021000 rw-p 00000000 00:00 0 
7f2b44021000-7f2b48000000 ---p 00000000 00:00 0 
7f2b48000000-7f2b4807a000 rw-p 00000000 00:00 0 
7f2b4807a000-7f2b4c000000 ---p 00000000 00:00 0 
7f2b4c000000-7f2b4c021000 rw-p 00000000 00:00 0 
7f2b4c021000-7f2b50000000 ---p 00000000 00:00 0 
7f2b50000000-7f2b50021000 rw-p 00000000 00:00 0 
7f2b50021000-7f2b54000000 ---p 00000000 00:00 0 
7f2b54000000-7f2b5472e000 rw-p 00000000 00:00 0 
7f2b5472e000-7f2b58000000 ---p 00000000 00:00 0 
7f2b58000000-7f2b58021000 rw-p 00000000 00:00 0 
7f2b58021000-7f2b5c000000 ---p 00000000 00:00 0 
7f2b5c000000-7f2b5d38d000 rw-p 00000000 00:00 0 
7f2b5d38d000-7f2b60000000 ---p 00000000 00:00 0 
7f2b60000000-7f2b6191c000 rw-p 00000000 00:00 0 
7f2b6191c000-7f2b64000000 ---p 00000000 00:00 0 
7f2b64000000-7f2b64021000 rw-p 00000000 00:00 0 
7f2b64021000-7f2b68000000 ---p 00000000 00:00 0 
7f2b68000000-7f2b68021000 rw-p 00000000 00:00 0 
7f2b68021000-7f2b6c000000 ---p 00000000 00:00 0 
7f2b6c9b8000-7f2b6ca38000 rw-p 00000000 00:00 0 
7f2b6ca38000-7f2b6cbb8000 ---p 00000000 00:00 0 
7f2b6cbb8000-7f2b6cdb8000 rw-p 00000000 00:00 0 
7f2b6cdb8000-7f2b6cfb8000 rw-p 00000000 00:00 0 
7f2b6cfb8000-7f2b6d1b8000 rw-p 00000000 00:00 0 
7f2b6d1b8000-7f2b6d3b8000 rw-p 00000000 00:00 0 
7f2b6d3b8000-7f2b6d3bc000 ---p 00000000 00:00 0 
7f2b6d3bc000-7f2b6d4b9000 rw-p 00000000 00:00 0 
7f2b6d4b9000-7f2b6d4bd000 ---p 00000000 00:00 0 
7f2b6d4bd000-7f2b6d5ba000 rw-p 00000000 00:00 0 
7f2b6d5ba000-7f2b6d5be000 ---p 00000000 00:00 0 
7f2b6d5be000-7f2b6d8bb000 rw-p 00000000 00:00 0 
7f2b6d8bb000-7f2b6d8bf000 ---p 00000000 00:00 0 
7f2b6d8bf000-7f2b6d9bc000 rw-p 00000000 00:00 0 
7f2b6d9bc000-7f2b6d9c0000 ---p 00000000 00:00 0 
7f2b6d9c0000-7f2b6dabd000 rw-p 00000000 00:00 0 
7f2b6dabd000-7f2b6dac1000 ---p 00000000 00:00 0 
7f2b6dac1000-7f2b6dbbe000 rw-p 00000000 00:00 0 
7f2b6dbbe000-7f2b6dbc2000 ---p 00000000 00:00 0 
7f2b6dbc2000-7f2b6debf000 rw-p 00000000 00:00 0 
7f2b6debf000-7f2b6dec3000 ---p 00000000 00:00 0 
7f2b6dec3000-7f2b6dfc0000 rw-p 00000000 00:00 0 
7f2b6dfc0000-7f2b6dfc4000 ---p 00000000 00:00 0 
7f2b6dfc4000-7f2b6e0c1000 rw-p 00000000 00:00 0 
7f2b6e0c1000-7f2b6e0c5000 ---p 00000000 00:00 0 
7f2b6e0c5000-7f2b6e1c2000 rw-p 00000000 00:00 0 
7f2b6e1c2000-7f2b6e1c6000 ---p 00000000 00:00 0 
7f2b6e1c6000-7f2b6e2c3000 rw-p 00000000 00:00 0 
7f2b6e2c3000-7f2b6e2c4000 r-xp 00000000 08:05 4196175                    /usr/lib/jvm/java-11-openjdk-amd64/lib/libextnet.so
7f2b6e2c4000-7f2b6e4c3000 ---p 00001000 08:05 4196175                    /usr/lib/jvm/java-11-openjdk-amd64/lib/libextnet.so
7f2b6e4c3000-7f2b6e4c4000 r--p 00000000 08:05 4196175                    /usr/lib/jvm/java-11-openjdk-amd64/lib/libextnet.so
7f2b6e4c4000-7f2b6e4c5000 rw-p 00001000 08:05 4196175                    /usr/lib/jvm/java-11-openjdk-amd64/lib/libextnet.so
7f2b6e4c5000-7f2b6e6c5000 rw-p 00000000 00:00 0 
7f2b6e6c5000-7f2b6e6ca000 r-xp 00000000 08:05 4196192                    /usr/lib/jvm/java-11-openjdk-amd64/lib/libmanagement_ext.so
7f2b6e6ca000-7f2b6e8c9000 ---p 00005000 08:05 4196192                    /usr/lib/jvm/java-11-openjdk-amd64/lib/libmanagement_ext.so
7f2b6e8c9000-7f2b6e8ca000 r--p 00004000 08:05 4196192                    /usr/lib/jvm/java-11-openjdk-amd64/lib/libmanagement_ext.so
7f2b6e8ca000-7f2b6e8cb000 rw-p 00005000 08:05 4196192                    /usr/lib/jvm/java-11-openjdk-amd64/lib/libmanagement_ext.so
7f2b6e8cb000-7f2b6e8cf000 r-xp 00000000 08:05 4196190                    /usr/lib/jvm/java-11-openjdk-amd64/lib/libmanagement.so
7f2b6e8cf000-7f2b6eace000 ---p 00004000 08:05 4196190                    /usr/lib/jvm/java-11-openjdk-amd64/lib/libmanagement.so
7f2b6eace000-7f2b6eacf000 r--p 00003000 08:05 4196190                    /usr/lib/jvm/java-11-openjdk-amd64/lib/libmanagement.so
7f2b6eacf000-7f2b6ead0000 rw-p 00004000 08:05 4196190                    /usr/lib/jvm/java-11-openjdk-amd64/lib/libmanagement.so
7f2b6ead0000-7f2b6ecd0000 rw-p 00000000 00:00 0 
7f2b6ecd0000-7f2b6eed0000 rw-p 00000000 00:00 0 
7f2b6eed0000-7f2b6eed5000 r-xp 00000000 08:05 2139473                    /home/hazel/.gradle/native/25/linux-amd64/libnative-platform.so
7f2b6eed5000-7f2b6f0d4000 ---p 00005000 08:05 2139473                    /home/hazel/.gradle/native/25/linux-amd64/libnative-platform.so
7f2b6f0d4000-7f2b6f0d5000 rw-p 00004000 08:05 2139473                    /home/hazel/.gradle/native/25/linux-amd64/libnative-platform.so
7f2b6f0d5000-7f2b6f106000 rw-p 00000000 00:00 0 
7f2b6f106000-7f2b6f11d000 r-xp 00000000 08:05 4196194                    /usr/lib/jvm/java-11-openjdk-amd64/lib/libnet.so
7f2b6f11d000-7f2b6f31c000 ---p 00017000 08:05 4196194                    /usr/lib/jvm/java-11-openjdk-amd64/lib/libnet.so
7f2b6f31c000-7f2b6f31d000 r--p 00016000 08:05 4196194                    /usr/lib/jvm/java-11-openjdk-amd64/lib/libnet.so
7f2b6f31d000-7f2b6f31e000 rw-p 00017000 08:05 4196194                    /usr/lib/jvm/java-11-openjdk-amd64/lib/libnet.so
7f2b6f31e000-7f2b6f32f000 r-xp 00000000 08:05 4196195                    /usr/lib/jvm/java-11-openjdk-amd64/lib/libnio.so
7f2b6f32f000-7f2b6f52e000 ---p 00011000 08:05 4196195                    /usr/lib/jvm/java-11-openjdk-amd64/lib/libnio.so
7f2b6f52e000-7f2b6f52f000 r--p 00010000 08:05 4196195                    /usr/lib/jvm/java-11-openjdk-amd64/lib/libnio.so
7f2b6f52f000-7f2b6f530000 rw-p 00011000 08:05 4196195                    /usr/lib/jvm/java-11-openjdk-amd64/lib/libnio.so
7f2b6f530000-7f2b6f534000 ---p 00000000 00:00 0 
7f2b6f534000-7f2b6f631000 rw-p 00000000 00:00 0 
7f2b6f631000-7f2b70000000 r--p 00000000 08:05 2759365                    /usr/lib/locale/locale-archive
7f2b70000000-7f2b7008e000 rw-p 00000000 00:00 0 
7f2b7008e000-7f2b74000000 ---p 00000000 00:00 0 
7f2b74000000-7f2b74021000 rw-p 00000000 00:00 0 
7f2b74021000-7f2b78000000 ---p 00000000 00:00 0 
7f2b78000000-7f2b78021000 rw-p 00000000 00:00 0 
7f2b78021000-7f2b7c000000 ---p 00000000 00:00 0 
7f2b7c000000-7f2b7c021000 rw-p 00000000 00:00 0 
7f2b7c021000-7f2b80000000 ---p 00000000 00:00 0 
7f2b80000000-7f2b80021000 rw-p 00000000 00:00 0 
7f2b80021000-7f2b84000000 ---p 00000000 00:00 0 
7f2b84000000-7f2b84021000 rw-p 00000000 00:00 0 
7f2b84021000-7f2b88000000 ---p 00000000 00:00 0 
7f2b88000000-7f2b88021000 rw-p 00000000 00:00 0 
7f2b88021000-7f2b8c000000 ---p 00000000 00:00 0 
7f2b8c000000-7f2b8c021000 rw-p 00000000 00:00 0 
7f2b8c021000-7f2b90000000 ---p 00000000 00:00 0 
7f2b90000000-7f2b90021000 rw-p 00000000 00:00 0 
7f2b90021000-7f2b94000000 ---p 00000000 00:00 0 
7f2b94000000-7f2b94021000 rw-p 00000000 00:00 0 
7f2b94021000-7f2b98000000 ---p 00000000 00:00 0 
7f2b98000000-7f2b9a2e0000 rw-p 00000000 00:00 0 
7f2b9a2e0000-7f2b9c000000 ---p 00000000 00:00 0 
7f2b9c000000-7f2b9c021000 rw-p 00000000 00:00 0 
7f2b9c021000-7f2ba0000000 ---p 00000000 00:00 0 
7f2ba0000000-7f2ba0021000 rw-p 00000000 00:00 0 
7f2ba0021000-7f2ba4000000 ---p 00000000 00:00 0 
7f2ba4000000-7f2ba4021000 rw-p 00000000 00:00 0 
7f2ba4021000-7f2ba8000000 ---p 00000000 00:00 0 
7f2ba8014000-7f2ba8015000 ---p 00000000 00:00 0 
7f2ba8015000-7f2ba8116000 rw-p 00000000 00:00 0 
7f2ba8116000-7f2ba811a000 ---p 00000000 00:00 0 
7f2ba811a000-7f2ba8217000 rw-p 00000000 00:00 0 
7f2ba8217000-7f2ba821b000 ---p 00000000 00:00 0 
7f2ba821b000-7f2ba8318000 rw-p 00000000 00:00 0 
7f2ba8318000-7f2ba831c000 ---p 00000000 00:00 0 
7f2ba831c000-7f2ba8419000 rw-p 00000000 00:00 0 
7f2ba8419000-7f2ba841d000 ---p 00000000 00:00 0 
7f2ba841d000-7f2ba851a000 rw-p 00000000 00:00 0 
7f2ba851a000-7f2ba851e000 ---p 00000000 00:00 0 
7f2ba851e000-7f2ba861b000 rw-p 00000000 00:00 0 
7f2ba861b000-7f2ba861f000 ---p 00000000 00:00 0 
7f2ba861f000-7f2ba871c000 rw-p 00000000 00:00 0 
7f2ba871c000-7f2ba8720000 ---p 00000000 00:00 0 
7f2ba8720000-7f2ba881d000 rw-p 00000000 00:00 0 
7f2ba881d000-7f2ba8821000 ---p 00000000 00:00 0 
7f2ba8821000-7f2ba891e000 rw-p 00000000 00:00 0 
7f2ba891e000-7f2ba891f000 ---p 00000000 00:00 0 
7f2ba891f000-7f2ba9319000 rw-p 00000000 00:00 0 
7f2ba9319000-7f2ba931a000 ---p 00000000 00:00 0 
7f2ba931a000-7f2ba941b000 rw-p 00000000 00:00 0 
7f2ba941b000-7f2ba941c000 ---p 00000000 00:00 0 
7f2ba941c000-7f2ba951d000 rw-p 00000000 00:00 0 
7f2ba951d000-7f2ba951e000 ---p 00000000 00:00 0 
7f2ba951e000-7f2ba961f000 rw-p 00000000 00:00 0 
7f2ba961f000-7f2ba9620000 ---p 00000000 00:00 0 
7f2ba9620000-7f2ba9721000 rw-p 00000000 00:00 0 
7f2ba9721000-7f2ba9722000 ---p 00000000 00:00 0 
7f2ba9722000-7f2ba9e06000 rw-p 00000000 00:00 0 
7f2ba9e06000-7f2babb26000 ---p 00000000 00:00 0 
7f2babb26000-7f2babd96000 rwxp 00000000 00:00 0 
7f2babd96000-7f2bac0b6000 ---p 00000000 00:00 0 
7f2bac0b6000-7f2bac4f6000 rwxp 00000000 00:00 0 
7f2bac4f6000-7f2bb35ee000 ---p 00000000 00:00 0 
7f2bb35ee000-7f2bb385e000 rwxp 00000000 00:00 0 
7f2bb385e000-7f2bbab26000 ---p 00000000 00:00 0 
7f2bbab26000-7f2bc4000000 r--s 00000000 08:05 4196204                    /usr/lib/jvm/java-11-openjdk-amd64/lib/modules
7f2bc4000000-7f2bc4fe5000 rw-p 00000000 00:00 0 
7f2bc4fe5000-7f2bc8000000 ---p 00000000 00:00 0 
7f2bc8017000-7f2bc8118000 rw-p 00000000 00:00 0 
7f2bc8118000-7f2bc8119000 ---p 00000000 00:00 0 
7f2bc8119000-7f2bc821a000 rw-p 00000000 00:00 0 
7f2bc821a000-7f2bc821b000 ---p 00000000 00:00 0 
7f2bc821b000-7f2bc8378000 rw-p 00000000 00:00 0 
7f2bc8378000-7f2bc871c000 ---p 00000000 00:00 0 
7f2bc871c000-7f2bc8778000 rw-p 00000000 00:00 0 
7f2bc8778000-7f2bc8b1c000 ---p 00000000 00:00 0 
7f2bc8b1c000-7f2bc8b78000 rw-p 00000000 00:00 0 
7f2bc8b78000-7f2bc8f1c000 ---p 00000000 00:00 0 
7f2bc8f1c000-7f2bc9320000 rw-p 00000000 00:00 0 
7f2bc9320000-7f2bc9321000 ---p 00000000 00:00 0 
7f2bc9321000-7f2bc9422000 rw-p 00000000 00:00 0 
7f2bc9422000-7f2bc9423000 ---p 00000000 00:00 0 
7f2bc9423000-7f2bc9524000 rw-p 00000000 00:00 0 
7f2bc9524000-7f2bc9525000 ---p 00000000 00:00 0 
7f2bc9525000-7f2bc9626000 rw-p 00000000 00:00 0 
7f2bc9626000-7f2bc9627000 ---p 00000000 00:00 0 
7f2bc9627000-7f2bc972d000 rw-p 00000000 00:00 0 
7f2bc972d000-7f2bc9813000 ---p 00000000 00:00 0 
7f2bc9813000-7f2bc981c000 rw-p 00000000 00:00 0 
7f2bc981c000-7f2bc98fe000 ---p 00000000 00:00 0 
7f2bc98fe000-7f2bc9903000 r-xp 00000000 08:05 4196186                    /usr/lib/jvm/java-11-openjdk-amd64/lib/libjimage.so
7f2bc9903000-7f2bc9b02000 ---p 00005000 08:05 4196186                    /usr/lib/jvm/java-11-openjdk-amd64/lib/libjimage.so
7f2bc9b02000-7f2bc9b03000 r--p 00004000 08:05 4196186                    /usr/lib/jvm/java-11-openjdk-amd64/lib/libjimage.so
7f2bc9b03000-7f2bc9b04000 rw-p 00005000 08:05 4196186                    /usr/lib/jvm/java-11-openjdk-amd64/lib/libjimage.so
7f2bc9b04000-7f2bc9b0b000 r-xp 00000000 08:05 4196203                    /usr/lib/jvm/java-11-openjdk-amd64/lib/libzip.so
7f2bc9b0b000-7f2bc9d0a000 ---p 00007000 08:05 4196203                    /usr/lib/jvm/java-11-openjdk-amd64/lib/libzip.so
7f2bc9d0a000-7f2bc9d0b000 r--p 00006000 08:05 4196203                    /usr/lib/jvm/java-11-openjdk-amd64/lib/libzip.so
7f2bc9d0b000-7f2bc9d0c000 rw-p 00007000 08:05 4196203                    /usr/lib/jvm/java-11-openjdk-amd64/lib/libzip.so
7f2bc9d0c000-7f2bc9d17000 r-xp 00000000 08:05 529454                     /lib/x86_64-linux-gnu/libnss_files-2.27.so
7f2bc9d17000-7f2bc9f16000 ---p 0000b000 08:05 529454                     /lib/x86_64-linux-gnu/libnss_files-2.27.so
7f2bc9f16000-7f2bc9f17000 r--p 0000a000 08:05 529454                     /lib/x86_64-linux-gnu/libnss_files-2.27.so
7f2bc9f17000-7f2bc9f18000 rw-p 0000b000 08:05 529454                     /lib/x86_64-linux-gnu/libnss_files-2.27.so
7f2bc9f18000-7f2bc9f1e000 rw-p 00000000 00:00 0 
7f2bc9f1e000-7f2bc9f35000 r-xp 00000000 08:05 529448                     /lib/x86_64-linux-gnu/libnsl-2.27.so
7f2bc9f35000-7f2bca134000 ---p 00017000 08:05 529448                     /lib/x86_64-linux-gnu/libnsl-2.27.so
7f2bca134000-7f2bca135000 r--p 00016000 08:05 529448                     /lib/x86_64-linux-gnu/libnsl-2.27.so
7f2bca135000-7f2bca136000 rw-p 00017000 08:05 529448                     /lib/x86_64-linux-gnu/libnsl-2.27.so
7f2bca136000-7f2bca138000 rw-p 00000000 00:00 0 
7f2bca138000-7f2bca143000 r-xp 00000000 08:05 529465                     /lib/x86_64-linux-gnu/libnss_nis-2.27.so
7f2bca143000-7f2bca342000 ---p 0000b000 08:05 529465                     /lib/x86_64-linux-gnu/libnss_nis-2.27.so
7f2bca342000-7f2bca343000 r--p 0000a000 08:05 529465                     /lib/x86_64-linux-gnu/libnss_nis-2.27.so
7f2bca343000-7f2bca344000 rw-p 0000b000 08:05 529465                     /lib/x86_64-linux-gnu/libnss_nis-2.27.so
7f2bca344000-7f2bca34c000 r-xp 00000000 08:05 529450                     /lib/x86_64-linux-gnu/libnss_compat-2.27.so
7f2bca34c000-7f2bca54c000 ---p 00008000 08:05 529450                     /lib/x86_64-linux-gnu/libnss_compat-2.27.so
7f2bca54c000-7f2bca54d000 r--p 00008000 08:05 529450                     /lib/x86_64-linux-gnu/libnss_compat-2.27.so
7f2bca54d000-7f2bca54e000 rw-p 00009000 08:05 529450                     /lib/x86_64-linux-gnu/libnss_compat-2.27.so
7f2bca54e000-7f2bca57a000 r-xp 00000000 08:05 4196182                    /usr/lib/jvm/java-11-openjdk-amd64/lib/libjava.so
7f2bca57a000-7f2bca779000 ---p 0002c000 08:05 4196182                    /usr/lib/jvm/java-11-openjdk-amd64/lib/libjava.so
7f2bca779000-7f2bca77a000 r--p 0002b000 08:05 4196182                    /usr/lib/jvm/java-11-openjdk-amd64/lib/libjava.so
7f2bca77a000-7f2bca77c000 rw-p 0002c000 08:05 4196182                    /usr/lib/jvm/java-11-openjdk-amd64/lib/libjava.so
7f2bca77c000-7f2bca789000 r-xp 00000000 08:05 4196202                    /usr/lib/jvm/java-11-openjdk-amd64/lib/libverify.so
7f2bca789000-7f2bca988000 ---p 0000d000 08:05 4196202                    /usr/lib/jvm/java-11-openjdk-amd64/lib/libverify.so
7f2bca988000-7f2bca98a000 r--p 0000c000 08:05 4196202                    /usr/lib/jvm/java-11-openjdk-amd64/lib/libverify.so
7f2bca98a000-7f2bca98b000 rw-p 0000e000 08:05 4196202                    /usr/lib/jvm/java-11-openjdk-amd64/lib/libverify.so
7f2bca98b000-7f2bca992000 r-xp 00000000 08:05 529505                     /lib/x86_64-linux-gnu/librt-2.27.so
7f2bca992000-7f2bcab91000 ---p 00007000 08:05 529505                     /lib/x86_64-linux-gnu/librt-2.27.so
7f2bcab91000-7f2bcab92000 r--p 00006000 08:05 529505                     /lib/x86_64-linux-gnu/librt-2.27.so
7f2bcab92000-7f2bcab93000 rw-p 00007000 08:05 529505                     /lib/x86_64-linux-gnu/librt-2.27.so
7f2bcab93000-7f2bcabaa000 r-xp 00000000 08:05 524364                     /lib/x86_64-linux-gnu/libgcc_s.so.1
7f2bcabaa000-7f2bcada9000 ---p 00017000 08:05 524364                     /lib/x86_64-linux-gnu/libgcc_s.so.1
7f2bcada9000-7f2bcadaa000 r--p 00016000 08:05 524364                     /lib/x86_64-linux-gnu/libgcc_s.so.1
7f2bcadaa000-7f2bcadab000 rw-p 00017000 08:05 524364                     /lib/x86_64-linux-gnu/libgcc_s.so.1
7f2bcadab000-7f2bcaf48000 r-xp 00000000 08:05 529427                     /lib/x86_64-linux-gnu/libm-2.27.so
7f2bcaf48000-7f2bcb147000 ---p 0019d000 08:05 529427                     /lib/x86_64-linux-gnu/libm-2.27.so
7f2bcb147000-7f2bcb148000 r--p 0019c000 08:05 529427                     /lib/x86_64-linux-gnu/libm-2.27.so
7f2bcb148000-7f2bcb149000 rw-p 0019d000 08:05 529427                     /lib/x86_64-linux-gnu/libm-2.27.so
7f2bcb149000-7f2bcb2c2000 r-xp 00000000 08:05 2761712                    /usr/lib/x86_64-linux-gnu/libstdc++.so.6.0.25
7f2bcb2c2000-7f2bcb4c2000 ---p 00179000 08:05 2761712                    /usr/lib/x86_64-linux-gnu/libstdc++.so.6.0.25
7f2bcb4c2000-7f2bcb4cc000 r--p 00179000 08:05 2761712                    /usr/lib/x86_64-linux-gnu/libstdc++.so.6.0.25
7f2bcb4cc000-7f2bcb4ce000 rw-p 00183000 08:05 2761712                    /usr/lib/x86_64-linux-gnu/libstdc++.so.6.0.25
7f2bcb4ce000-7f2bcb4d2000 rw-p 00000000 00:00 0 
7f2bcb4d2000-7f2bcc46f000 r-xp 00000000 08:05 4327477                    /usr/lib/jvm/java-11-openjdk-amd64/lib/server/libjvm.so
7f2bcc46f000-7f2bcc66f000 ---p 00f9d000 08:05 4327477                    /usr/lib/jvm/java-11-openjdk-amd64/lib/server/libjvm.so
7f2bcc66f000-7f2bcc733000 r--p 00f9d000 08:05 4327477                    /usr/lib/jvm/java-11-openjdk-amd64/lib/server/libjvm.so
7f2bcc733000-7f2bcc76b000 rw-p 01061000 08:05 4327477                    /usr/lib/jvm/java-11-openjdk-amd64/lib/server/libjvm.so
7f2bcc76b000-7f2bcc7b4000 rw-p 00000000 00:00 0 
7f2bcc7b4000-7f2bcc7ce000 r-xp 00000000 08:05 529497                     /lib/x86_64-linux-gnu/libpthread-2.27.so
7f2bcc7ce000-7f2bcc9cd000 ---p 0001a000 08:05 529497                     /lib/x86_64-linux-gnu/libpthread-2.27.so
7f2bcc9cd000-7f2bcc9ce000 r--p 00019000 08:05 529497                     /lib/x86_64-linux-gnu/libpthread-2.27.so
7f2bcc9ce000-7f2bcc9cf000 rw-p 0001a000 08:05 529497                     /lib/x86_64-linux-gnu/libpthread-2.27.so
7f2bcc9cf000-7f2bcc9d3000 rw-p 00000000 00:00 0 
7f2bcc9d3000-7f2bcc9d6000 r-xp 00000000 08:05 529387                     /lib/x86_64-linux-gnu/libdl-2.27.so
7f2bcc9d6000-7f2bccbd5000 ---p 00003000 08:05 529387                     /lib/x86_64-linux-gnu/libdl-2.27.so
7f2bccbd5000-7f2bccbd6000 r--p 00002000 08:05 529387                     /lib/x86_64-linux-gnu/libdl-2.27.so
7f2bccbd6000-7f2bccbd7000 rw-p 00003000 08:05 529387                     /lib/x86_64-linux-gnu/libdl-2.27.so
7f2bccbd7000-7f2bccbf3000 r-xp 00000000 08:05 529536                     /lib/x86_64-linux-gnu/libz.so.1.2.11
7f2bccbf3000-7f2bccdf2000 ---p 0001c000 08:05 529536                     /lib/x86_64-linux-gnu/libz.so.1.2.11
7f2bccdf2000-7f2bccdf3000 r--p 0001b000 08:05 529536                     /lib/x86_64-linux-gnu/libz.so.1.2.11
7f2bccdf3000-7f2bccdf4000 rw-p 0001c000 08:05 529536                     /lib/x86_64-linux-gnu/libz.so.1.2.11
7f2bccdf4000-7f2bccfdb000 r-xp 00000000 08:05 529364                     /lib/x86_64-linux-gnu/libc-2.27.so
7f2bccfdb000-7f2bcd1db000 ---p 001e7000 08:05 529364                     /lib/x86_64-linux-gnu/libc-2.27.so
7f2bcd1db000-7f2bcd1df000 r--p 001e7000 08:05 529364                     /lib/x86_64-linux-gnu/libc-2.27.so
7f2bcd1df000-7f2bcd1e1000 rw-p 001eb000 08:05 529364                     /lib/x86_64-linux-gnu/libc-2.27.so
7f2bcd1e1000-7f2bcd1e5000 rw-p 00000000 00:00 0 
7f2bcd1e5000-7f2bcd1f4000 r-xp 00000000 08:05 4196167                    /usr/lib/jvm/java-11-openjdk-amd64/lib/jli/libjli.so
7f2bcd1f4000-7f2bcd3f3000 ---p 0000f000 08:05 4196167                    /usr/lib/jvm/java-11-openjdk-amd64/lib/jli/libjli.so
7f2bcd3f3000-7f2bcd3f4000 r--p 0000e000 08:05 4196167                    /usr/lib/jvm/java-11-openjdk-amd64/lib/jli/libjli.so
7f2bcd3f4000-7f2bcd3f5000 rw-p 0000f000 08:05 4196167                    /usr/lib/jvm/java-11-openjdk-amd64/lib/jli/libjli.so
7f2bcd3f5000-7f2bcd41c000 r-xp 00000000 08:05 529336                     /lib/x86_64-linux-gnu/ld-2.27.so
7f2bcd432000-7f2bcd439000 r--s 00000000 08:05 3016521                    /usr/lib/x86_64-linux-gnu/gconv/gconv-modules.cache
7f2bcd439000-7f2bcd4fe000 rw-p 00000000 00:00 0 
7f2bcd4fe000-7f2bcd502000 ---p 00000000 00:00 0 
7f2bcd502000-7f2bcd601000 rw-p 00000000 00:00 0 
7f2bcd603000-7f2bcd609000 rw-p 00000000 00:00 0 
7f2bcd609000-7f2bcd610000 ---p 00000000 00:00 0 
7f2bcd610000-7f2bcd618000 rw-s 00000000 08:05 2757263                    /tmp/hsperfdata_hazel/19658
7f2bcd618000-7f2bcd619000 ---p 00000000 00:00 0 
7f2bcd619000-7f2bcd61a000 r--p 00000000 00:00 0 
7f2bcd61a000-7f2bcd61c000 rw-p 00000000 00:00 0 
7f2bcd61c000-7f2bcd61d000 r--p 00027000 08:05 529336                     /lib/x86_64-linux-gnu/ld-2.27.so
7f2bcd61d000-7f2bcd61e000 rw-p 00028000 08:05 529336                     /lib/x86_64-linux-gnu/ld-2.27.so
7f2bcd61e000-7f2bcd61f000 rw-p 00000000 00:00 0 
7ffe747da000-7ffe747fb000 rw-p 00000000 00:00 0                          [stack]
7ffe747fb000-7ffe747fe000 r--p 00000000 00:00 0                          [vvar]
7ffe747fe000-7ffe74800000 r-xp 00000000 00:00 0                          [vdso]
ffffffffff600000-ffffffffff601000 r-xp 00000000 00:00 0                  [vsyscall]


VM Arguments:
jvm_args: -Xmx2048M -Dfile.encoding=UTF-8 -Duser.country=US -Duser.language=en -Duser.variant 
java_command: org.gradle.launcher.daemon.bootstrap.GradleDaemon 4.6
java_class_path (initial): /home/hazel/.gradle/wrapper/dists/gradle-4.6-all/bcst21l2brirad8k2ben1letg/gradle-4.6/lib/gradle-launcher-4.6.jar
Launcher Type: SUN_STANDARD

Logging:
Log output configuration:
#0: stdout all=warning uptime,level,tags
#1: stderr all=off uptime,level,tags

Environment Variables:
PATH=/bin:/home/hazel:/home/hazel/opt/cross/bin:/usr/local/sbin:/usr/local/bin:/usr/sbin:/usr/bin:/sbin:/bin:/usr/games:/usr/local/games:/snap/bin:/home/hazel:/home/hazel/opt/cross/bin:/home/hazel/Encryptr
USERNAME=hazel
SHELL=/bin/bash
DISPLAY=:0

Signal Handlers:
SIGSEGV: [libjvm.so+0xd28ad0], sa_mask[0]=11111111011111111101111111111110, sa_flags=SA_RESTART|SA_SIGINFO
SIGBUS: [libjvm.so+0xd28ad0], sa_mask[0]=11111111011111111101111111111110, sa_flags=SA_RESTART|SA_SIGINFO
SIGFPE: [libjvm.so+0xd28ad0], sa_mask[0]=11111111011111111101111111111110, sa_flags=SA_RESTART|SA_SIGINFO
SIGPIPE: [libjvm.so+0xb2a150], sa_mask[0]=11111111011111111101111111111110, sa_flags=SA_RESTART|SA_SIGINFO
SIGXFSZ: [libjvm.so+0xb2a150], sa_mask[0]=11111111011111111101111111111110, sa_flags=SA_RESTART|SA_SIGINFO
SIGILL: [libjvm.so+0xd28ad0], sa_mask[0]=11111111011111111101111111111110, sa_flags=SA_RESTART|SA_SIGINFO
SIGUSR2: [libjvm.so+0xb29f90], sa_mask[0]=00100000000000000000000000000000, sa_flags=SA_RESTART|SA_SIGINFO
SIGHUP: [libjvm.so+0xb2a0e0], sa_mask[0]=11111111011111111101111111111110, sa_flags=SA_RESTART|SA_SIGINFO
SIGINT: [libjvm.so+0xb2a0e0], sa_mask[0]=11111111011111111101111111111110, sa_flags=SA_RESTART|SA_SIGINFO
SIGTERM: [libjvm.so+0xb2a0e0], sa_mask[0]=11111111011111111101111111111110, sa_flags=SA_RESTART|SA_SIGINFO
SIGQUIT: [libjvm.so+0xb2a0e0], sa_mask[0]=11111111011111111101111111111110, sa_flags=SA_RESTART|SA_SIGINFO


---------------  S Y S T E M  ---------------

OS:DISTRIB_ID=Ubuntu
DISTRIB_RELEASE=18.04
DISTRIB_CODENAME=bionic
DISTRIB_DESCRIPTION="Ubuntu 18.04.1 LTS"
uname:Linux 4.15.0-36-generic #39-Ubuntu SMP Mon Sep 24 16:19:09 UTC 2018 x86_64
libc:glibc 2.27 NPTL 2.27 
rlimit: STACK 8192k, CORE 0k, NPROC 46565, NOFILE 1048576, AS infinity, DATA infinity, FSIZE infinity
load average:23.40 14.45 6.84

/proc/meminfo:
MemTotal:       11981296 kB
MemFree:          118960 kB
MemAvailable:      15380 kB
Buffers:             264 kB
Cached:           767612 kB
SwapCached:         4388 kB
Active:         10275624 kB
Inactive:        1035292 kB
Active(anon):   10269716 kB
Inactive(anon):  1027200 kB
Active(file):       5908 kB
Inactive(file):     8092 kB
Unevictable:         224 kB
Mlocked:             224 kB
SwapTotal:       2097148 kB
SwapFree:              0 kB
Dirty:                32 kB
Writeback:             4 kB
AnonPages:      10540368 kB
Mapped:           556936 kB
Shmem:            753344 kB
Slab:             190556 kB
SReclaimable:      80768 kB
SUnreclaim:       109788 kB
KernelStack:       28272 kB
PageTables:       172412 kB
NFS_Unstable:          0 kB
Bounce:                0 kB
WritebackTmp:          0 kB
CommitLimit:     8087796 kB
Committed_AS:   35397432 kB
VmallocTotal:   34359738367 kB
VmallocUsed:           0 kB
VmallocChunk:          0 kB
HardwareCorrupted:     0 kB
AnonHugePages:         0 kB
ShmemHugePages:        0 kB
ShmemPmdMapped:        0 kB
CmaTotal:              0 kB
CmaFree:               0 kB
HugePages_Total:       0
HugePages_Free:        0
HugePages_Rsvd:        0
HugePages_Surp:        0
Hugepagesize:       2048 kB
DirectMap4k:      864376 kB
DirectMap2M:    11399168 kB
DirectMap1G:     1048576 kB

container (cgroup) information:
container_type: cgroupv1
cpu_cpuset_cpus: 0-3
cpu_memory_nodes: 0
active_processor_count: 4
cpu_quota: -1
cpu_period: 100000
cpu_shares: -1
memory_limit_in_bytes: -1
memory_and_swap_limit_in_bytes: -2
memory_soft_limit_in_bytes: -1
memory_usage_in_bytes: 11583156224
memory_max_usage_in_bytes: 24793088


CPU:total 4 (initial active 4) (2 cores per cpu, 2 threads per core) family 6 model 69 stepping 1, cmov, cx8, fxsr, mmx, sse, sse2, sse3, ssse3, sse4.1, sse4.2, popcnt, avx, avx2, aes, clmul, erms, lzcnt, ht, tsc, tscinvbit, bmi1, bmi2, fma
CPU Model and flags from /proc/cpuinfo:
model name	: Intel(R) Core(TM) i7-4600U CPU @ 2.10GHz
flags		: fpu vme de pse tsc msr pae mce cx8 apic sep mtrr pge mca cmov pat pse36 clflush dts acpi mmx fxsr sse sse2 ss ht tm pbe syscall nx pdpe1gb rdtscp lm constant_tsc arch_perfmon pebs bts rep_good nopl xtopology nonstop_tsc cpuid aperfmperf pni pclmulqdq dtes64 monitor ds_cpl vmx smx est tm2 ssse3 sdbg fma cx16 xtpr pdcm pcid sse4_1 sse4_2 x2apic movbe popcnt tsc_deadline_timer aes xsave avx f16c rdrand lahf_lm abm cpuid_fault epb invpcid_single pti ssbd ibrs ibpb stibp tpr_shadow vnmi flexpriority ept vpid fsgsbase tsc_adjust bmi1 avx2 smep bmi2 erms invpcid xsaveopt dtherm ida arat pln pts flush_l1d

Memory: 4k page, physical 11981296k(117248k free), swap 2097148k(0k free)

vm_info: OpenJDK 64-Bit Server VM (10.0.2+13-Ubuntu-1ubuntu0.18.04.2) for linux-amd64 JRE (10.0.2+13-Ubuntu-1ubuntu0.18.04.2), built on Aug 24 2018 17:36:24 by "buildd" with gcc 7.3.0

END.
